<?xml version="1.0" encoding="UTF-8"?>
<testng-results ignored="0" total="1" passed="1" failed="0" skipped="0">
  <reporter-output>
  </reporter-output>
  <suite started-at="2020-10-07T04:58:06Z" name="Default suite" finished-at="2020-10-07T04:58:27Z" duration-ms="21597">
    <groups>
    </groups>
    <test started-at="2020-10-07T04:58:06Z" name="Default test" finished-at="2020-10-07T04:58:27Z" duration-ms="21597">
      <class name="test.SearchCarTest">
        <test-method is-config="true" signature="startUp()[pri:0, instance:test.SearchCarTest@b62fe6d]" started-at="2020-10-07T04:58:06Z" name="startUp" finished-at="2020-10-07T04:58:15Z" duration-ms="8903" status="PASS">
          <reporter-output>
          </reporter-output>
        </test-method> <!-- startUp -->
        <test-method signature="searchCarTest()[pri:0, instance:test.SearchCarTest@b62fe6d]" started-at="2020-10-07T04:58:15Z" name="searchCarTest" finished-at="2020-10-07T04:58:25Z" duration-ms="10324" status="PASS">
          <reporter-output>
          </reporter-output>
        </test-method> <!-- searchCarTest -->
        <test-method is-config="true" signature="close()[pri:0, instance:test.SearchCarTest@b62fe6d]" started-at="2020-10-07T04:58:25Z" name="close" finished-at="2020-10-07T04:58:27Z" duration-ms="2350" status="PASS">
          <reporter-output>
          </reporter-output>
        </test-method> <!-- close -->
      </class> <!-- test.SearchCarTest -->
    </test> <!-- Default test -->
  </suite> <!-- Default suite -->
</testng-results>
